liveWallpaper/build/outputs/logs/manifest-merger-debug-report.txt
-- Merging decision tree log ---
manifest
ADDED from src/main/AndroidManifest.xml:10:1-46:12
INJECTED from src/main/AndroidManifest.xml:10:1-46:12
INJECTED from src/main/AndroidManifest.xml:10:1-46:12
INJECTED from src/main/AndroidManifest.xml:10:1-46:12
INJECTED from src/main/AndroidManifest.xml:10:1-46:12
INJECTED from src/main/AndroidManifest.xml:10:1-46:12
INJECTED from src/main/AndroidManifest.xml:10:1-46:12
	package
		ADDED from src/main/AndroidManifest.xml:11:5-36
		INJECTED from src/main/AndroidManifest.xml
		INJECTED from src/main/AndroidManifest.xml
	android:versionName
		ADDED from src/main/AndroidManifest.xml:13:5-30
		INJECTED from src/main/AndroidManifest.xml
		INJECTED from src/main/AndroidManifest.xml
	xmlns:android
		ADDED from src/main/AndroidManifest.xml:10:11-69
	android:versionCode
		ADDED from src/main/AndroidManifest.xml:12:5-28
		INJECTED from src/main/AndroidManifest.xml
		INJECTED from src/main/AndroidManifest.xml
uses-sdk
ADDED from src/main/AndroidManifest.xml:15:5-17:41
INJECTED from src/main/AndroidManifest.xml:15:5-17:41
INJECTED from src/main/AndroidManifest.xml:15:5-17:41
INJECTED from src/main/AndroidManifest.xml:15:5-17:41
INJECTED from src/main/AndroidManifest.xml:15:5-17:41
	android:targetSdkVersion
		ADDED from src/main/AndroidManifest.xml:17:9-38
		INJECTED from src/main/AndroidManifest.xml
		INJECTED from src/main/AndroidManifest.xml
	android:minSdkVersion
		ADDED from src/main/AndroidManifest.xml:16:9-35
		INJECTED from src/main/AndroidManifest.xml
		INJECTED from src/main/AndroidManifest.xml
uses-feature#android.software.live_wallpaper
ADDED from src/main/AndroidManifest.xml:19:5-68
	android:name
		ADDED from src/main/AndroidManifest.xml:19:19-65
uses-feature#0x00020000
ADDED from src/main/AndroidManifest.xml:20:5-78
	android:glEsVersion
		ADDED from src/main/AndroidManifest.xml:20:19-51
	android:required
		ADDED from src/main/AndroidManifest.xml:20:52-75
application
ADDED from src/main/AndroidManifest.xml:22:5-45:19
	android:label
		ADDED from src/main/AndroidManifest.xml:24:9-41
	android:icon
		ADDED from src/main/AndroidManifest.xml:23:9-45
activity#com.particles.android.ParticlesActivity
ADDED from src/main/AndroidManifest.xml:25:9-33:20
	android:label
		ADDED from src/main/AndroidManifest.xml:27:13-45
	android:name
		ADDED from src/main/AndroidManifest.xml:26:13-46
intent-filter#android.intent.action.MAIN+android.intent.category.LAUNCHER
ADDED from src/main/AndroidManifest.xml:28:13-32:29
action#android.intent.action.MAIN
ADDED from src/main/AndroidManifest.xml:29:17-69
	android:name
		ADDED from src/main/AndroidManifest.xml:29:25-66
category#android.intent.category.LAUNCHER
ADDED from src/main/AndroidManifest.xml:31:17-77
	android:name
		ADDED from src/main/AndroidManifest.xml:31:27-74
service#com.particles.android.wallpaper.GLWallpaperService
ADDED from src/main/AndroidManifest.xml:34:9-44:19
	android:label
		ADDED from src/main/AndroidManifest.xml:36:13-45
	android:permission
		ADDED from src/main/AndroidManifest.xml:37:13-67
	android:name
		ADDED from src/main/AndroidManifest.xml:35:13-57
intent-filter#android.service.wallpaper.WallpaperService
ADDED from src/main/AndroidManifest.xml:38:13-40:29
action#android.service.wallpaper.WallpaperService
ADDED from src/main/AndroidManifest.xml:39:17-85
	android:name
		ADDED from src/main/AndroidManifest.xml:39:25-82
meta-data#android.service.wallpaper
ADDED from src/main/AndroidManifest.xml:41:13-43:53
	android:resource
		ADDED from src/main/AndroidManifest.xml:43:17-50
	android:name
		ADDED from src/main/AndroidManifest.xml:42:17-57